{"contracts/TestERC20.sol":{"l":{"8":54},"path":"/Users/kyungyoonkim/blockchain/MultiTimeLock/contracts/TestERC20.sol","s":{"1":54},"b":{},"f":{"1":54},"fnMap":{"1":{"name":"constructor","line":7,"loc":{"start":{"line":7,"column":4},"end":{"line":9,"column":4}}}},"statementMap":{"1":{"start":{"line":8,"column":8},"end":{"line":8,"column":39}}},"branchMap":{}},"contracts/TokenLockPlan.sol":{"l":{"49":53,"50":53,"55":166,"56":158,"61":79,"62":72,"67":2,"68":2,"76":31,"79":29,"82":29,"91":31,"92":31,"95":27,"98":27,"100":27,"103":52,"111":52,"112":52,"114":52,"124":7,"126":1,"128":2,"134":4,"136":4,"141":6,"147":6,"153":58,"156":58,"157":58,"159":104,"161":61,"165":58,"171":22,"178":22,"183":3,"186":6,"187":6,"188":6,"190":6,"192":4,"202":48,"203":48,"204":44,"207":40,"210":40,"213":24,"214":24,"215":24,"216":24,"217":24,"222":3,"228":1,"234":5,"235":3,"237":1,"245":3,"247":1,"253":1,"254":1,"257":1},"path":"/Users/kyungyoonkim/blockchain/MultiTimeLock/contracts/TokenLockPlan.sol","s":{"1":53,"2":53,"3":166,"4":79,"5":31,"6":29,"7":29,"8":31,"9":31,"10":27,"11":27,"12":52,"13":52,"14":52,"15":52,"16":7,"17":1,"18":2,"19":4,"20":4,"21":6,"22":6,"23":58,"24":58,"25":58,"26":104,"27":61,"28":58,"29":22,"30":22,"31":3,"32":6,"33":6,"34":6,"35":6,"36":4,"37":48,"38":48,"39":44,"40":40,"41":40,"42":24,"43":24,"44":24,"45":24,"46":24,"47":3,"48":1,"49":5,"50":3,"51":1,"52":3,"53":1,"54":1,"55":1,"56":1},"b":{"1":[158,8],"2":[72,7],"3":[29,2],"4":[31,0],"5":[27,4],"6":[1,6],"7":[4,0],"8":[58,0],"9":[61,43],"10":[4,2],"11":[48,0],"12":[44,4],"13":[40,4],"14":[24,16],"15":[3,2],"16":[1,2],"17":[1,2],"18":[1,0]},"f":{"1":53,"2":166,"3":79,"4":31,"5":31,"6":7,"7":4,"8":6,"9":6,"10":58,"11":22,"12":22,"13":3,"14":48,"15":3,"16":1,"17":5,"18":3,"19":1},"fnMap":{"1":{"name":"constructor","line":48,"loc":{"start":{"line":48,"column":4},"end":{"line":51,"column":4}}},"2":{"name":"locked","line":54,"loc":{"start":{"line":54,"column":4},"end":{"line":57,"column":4}}},"3":{"name":"notLocked","line":60,"loc":{"start":{"line":60,"column":4},"end":{"line":63,"column":4}}},"4":{"name":"lockup","line":74,"loc":{"start":{"line":74,"column":4},"end":{"line":83,"column":4}}},"5":{"name":"setLockPlan","line":90,"loc":{"start":{"line":90,"column":4},"end":{"line":116,"column":4}}},"6":{"name":"bulkSetLockPlan","line":123,"loc":{"start":{"line":123,"column":4},"end":{"line":130,"column":4}}},"7":{"name":"lockPlanLength","line":133,"loc":{"start":{"line":133,"column":4},"end":{"line":137,"column":4}}},"8":{"name":"myUnlockedTokenBalance","line":140,"loc":{"start":{"line":140,"column":4},"end":{"line":142,"column":4}}},"9":{"name":"userUnlockedTokenBalance","line":146,"loc":{"start":{"line":146,"column":4},"end":{"line":148,"column":4}}},"10":{"name":"unlockedTokenBalance","line":152,"loc":{"start":{"line":152,"column":4},"end":{"line":166,"column":4}}},"11":{"name":"withdrawMyUnlockedToken","line":170,"loc":{"start":{"line":170,"column":4},"end":{"line":172,"column":4}}},"12":{"name":"withdrawUserUnlockedToken","line":177,"loc":{"start":{"line":177,"column":4},"end":{"line":179,"column":4}}},"13":{"name":"withdrawAllUserUnlockedToken","line":182,"loc":{"start":{"line":182,"column":4},"end":{"line":195,"column":4}}},"14":{"name":"withdrawUnlockedToken","line":200,"loc":{"start":{"line":200,"column":4},"end":{"line":218,"column":4}}},"15":{"name":"depositedEthBalance","line":221,"loc":{"start":{"line":221,"column":4},"end":{"line":223,"column":4}}},"16":{"name":"transferDepositedTokensToOnwer","line":227,"loc":{"start":{"line":227,"column":4},"end":{"line":229,"column":4}}},"17":{"name":"transferAccidentallyDepositedTokensToOnwer","line":233,"loc":{"start":{"line":233,"column":4},"end":{"line":238,"column":4}}},"18":{"name":"transferAccidentallyDepositedOtherTokensToOnwer","line":243,"loc":{"start":{"line":243,"column":4},"end":{"line":248,"column":4}}},"19":{"name":"transferAccidentallyDepositedEthToOnwer","line":252,"loc":{"start":{"line":252,"column":4},"end":{"line":258,"column":4}}}},"statementMap":{"1":{"start":{"line":49,"column":8},"end":{"line":49,"column":23}},"2":{"start":{"line":50,"column":8},"end":{"line":50,"column":46}},"3":{"start":{"line":55,"column":8},"end":{"line":55,"column":67}},"4":{"start":{"line":61,"column":8},"end":{"line":61,"column":66}},"5":{"start":{"line":76,"column":8},"end":{"line":76,"column":149}},"6":{"start":{"line":79,"column":8},"end":{"line":79,"column":43}},"7":{"start":{"line":82,"column":8},"end":{"line":82,"column":22}},"8":{"start":{"line":91,"column":8},"end":{"line":91,"column":87}},"9":{"start":{"line":92,"column":8},"end":{"line":92,"column":134}},"10":{"start":{"line":98,"column":8},"end":{"line":98,"column":40}},"11":{"start":{"line":100,"column":8},"end":{"line":100,"column":3675}},"12":{"start":{"line":103,"column":12},"end":{"line":103,"column":3782}},"13":{"start":{"line":111,"column":12},"end":{"line":111,"column":72}},"14":{"start":{"line":112,"column":12},"end":{"line":112,"column":58}},"15":{"start":{"line":114,"column":12},"end":{"line":114,"column":56}},"16":{"start":{"line":124,"column":8},"end":{"line":124,"column":198}},"17":{"start":{"line":126,"column":8},"end":{"line":126,"column":4885}},"18":{"start":{"line":128,"column":12},"end":{"line":128,"column":75}},"19":{"start":{"line":134,"column":8},"end":{"line":134,"column":87}},"20":{"start":{"line":136,"column":8},"end":{"line":136,"column":42}},"21":{"start":{"line":141,"column":8},"end":{"line":141,"column":47}},"22":{"start":{"line":147,"column":8},"end":{"line":147,"column":46}},"23":{"start":{"line":153,"column":8},"end":{"line":153,"column":87}},"24":{"start":{"line":156,"column":8},"end":{"line":156,"column":35}},"25":{"start":{"line":157,"column":8},"end":{"line":157,"column":6156}},"26":{"start":{"line":159,"column":12},"end":{"line":159,"column":6239}},"27":{"start":{"line":161,"column":16},"end":{"line":161,"column":84}},"28":{"start":{"line":165,"column":8},"end":{"line":165,"column":30}},"29":{"start":{"line":171,"column":8},"end":{"line":171,"column":56}},"30":{"start":{"line":178,"column":8},"end":{"line":178,"column":55}},"31":{"start":{"line":183,"column":8},"end":{"line":183,"column":7201}},"32":{"start":{"line":186,"column":12},"end":{"line":186,"column":56}},"33":{"start":{"line":187,"column":12},"end":{"line":187,"column":69}},"34":{"start":{"line":188,"column":12},"end":{"line":188,"column":83}},"35":{"start":{"line":190,"column":12},"end":{"line":190,"column":7539}},"36":{"start":{"line":192,"column":16},"end":{"line":192,"column":64}},"37":{"start":{"line":202,"column":8},"end":{"line":202,"column":87}},"38":{"start":{"line":203,"column":8},"end":{"line":203,"column":120}},"39":{"start":{"line":204,"column":8},"end":{"line":204,"column":102}},"40":{"start":{"line":207,"column":8},"end":{"line":207,"column":65}},"41":{"start":{"line":210,"column":8},"end":{"line":210,"column":132}},"42":{"start":{"line":213,"column":8},"end":{"line":213,"column":84}},"43":{"start":{"line":214,"column":8},"end":{"line":214,"column":68}},"44":{"start":{"line":215,"column":8},"end":{"line":215,"column":54}},"45":{"start":{"line":216,"column":8},"end":{"line":216,"column":60}},"46":{"start":{"line":217,"column":8},"end":{"line":217,"column":56}},"47":{"start":{"line":222,"column":8},"end":{"line":222,"column":33}},"48":{"start":{"line":228,"column":8},"end":{"line":228,"column":59}},"49":{"start":{"line":234,"column":8},"end":{"line":234,"column":108}},"50":{"start":{"line":235,"column":8},"end":{"line":235,"column":122}},"51":{"start":{"line":237,"column":8},"end":{"line":237,"column":59}},"52":{"start":{"line":245,"column":8},"end":{"line":245,"column":93}},"53":{"start":{"line":247,"column":8},"end":{"line":247,"column":51}},"54":{"start":{"line":253,"column":8},"end":{"line":253,"column":83}},"55":{"start":{"line":254,"column":8},"end":{"line":254,"column":58}},"56":{"start":{"line":257,"column":8},"end":{"line":257,"column":40}}},"branchMap":{"1":{"line":55,"type":"if","locations":[{"start":{"line":55,"column":8},"end":{"line":55,"column":8}},{"start":{"line":55,"column":8},"end":{"line":55,"column":8}}]},"2":{"line":61,"type":"if","locations":[{"start":{"line":61,"column":8},"end":{"line":61,"column":8}},{"start":{"line":61,"column":8},"end":{"line":61,"column":8}}]},"3":{"line":76,"type":"if","locations":[{"start":{"line":76,"column":8},"end":{"line":76,"column":8}},{"start":{"line":76,"column":8},"end":{"line":76,"column":8}}]},"4":{"line":91,"type":"if","locations":[{"start":{"line":91,"column":8},"end":{"line":91,"column":8}},{"start":{"line":91,"column":8},"end":{"line":91,"column":8}}]},"5":{"line":92,"type":"if","locations":[{"start":{"line":92,"column":8},"end":{"line":92,"column":8}},{"start":{"line":92,"column":8},"end":{"line":92,"column":8}}]},"6":{"line":124,"type":"if","locations":[{"start":{"line":124,"column":8},"end":{"line":124,"column":8}},{"start":{"line":124,"column":8},"end":{"line":124,"column":8}}]},"7":{"line":134,"type":"if","locations":[{"start":{"line":134,"column":8},"end":{"line":134,"column":8}},{"start":{"line":134,"column":8},"end":{"line":134,"column":8}}]},"8":{"line":153,"type":"if","locations":[{"start":{"line":153,"column":8},"end":{"line":153,"column":8}},{"start":{"line":153,"column":8},"end":{"line":153,"column":8}}]},"9":{"line":159,"type":"if","locations":[{"start":{"line":159,"column":12},"end":{"line":159,"column":12}},{"start":{"line":159,"column":12},"end":{"line":159,"column":12}}]},"10":{"line":190,"type":"if","locations":[{"start":{"line":190,"column":12},"end":{"line":190,"column":12}},{"start":{"line":190,"column":12},"end":{"line":190,"column":12}}]},"11":{"line":202,"type":"if","locations":[{"start":{"line":202,"column":8},"end":{"line":202,"column":8}},{"start":{"line":202,"column":8},"end":{"line":202,"column":8}}]},"12":{"line":203,"type":"if","locations":[{"start":{"line":203,"column":8},"end":{"line":203,"column":8}},{"start":{"line":203,"column":8},"end":{"line":203,"column":8}}]},"13":{"line":204,"type":"if","locations":[{"start":{"line":204,"column":8},"end":{"line":204,"column":8}},{"start":{"line":204,"column":8},"end":{"line":204,"column":8}}]},"14":{"line":210,"type":"if","locations":[{"start":{"line":210,"column":8},"end":{"line":210,"column":8}},{"start":{"line":210,"column":8},"end":{"line":210,"column":8}}]},"15":{"line":234,"type":"if","locations":[{"start":{"line":234,"column":8},"end":{"line":234,"column":8}},{"start":{"line":234,"column":8},"end":{"line":234,"column":8}}]},"16":{"line":235,"type":"if","locations":[{"start":{"line":235,"column":8},"end":{"line":235,"column":8}},{"start":{"line":235,"column":8},"end":{"line":235,"column":8}}]},"17":{"line":245,"type":"if","locations":[{"start":{"line":245,"column":8},"end":{"line":245,"column":8}},{"start":{"line":245,"column":8},"end":{"line":245,"column":8}}]},"18":{"line":253,"type":"if","locations":[{"start":{"line":253,"column":8},"end":{"line":253,"column":8}},{"start":{"line":253,"column":8},"end":{"line":253,"column":8}}]}}}}