{"contracts/TestERC20.sol":{"l":{"8":28},"path":"/Users/kyungyoonkim/blockchain/MultiTimeLock/contracts/TestERC20.sol","s":{"1":28},"b":{},"f":{"1":28},"fnMap":{"1":{"name":"constructor","line":7,"loc":{"start":{"line":7,"column":4},"end":{"line":9,"column":4}}}},"statementMap":{"1":{"start":{"line":8,"column":8},"end":{"line":8,"column":39}}},"branchMap":{}},"contracts/TokenLockPlan.sol":{"l":{"65":28,"68":28,"71":28,"74":28,"75":28,"80":90,"81":86,"86":49,"87":49,"92":85,"93":79,"97":0,"98":0,"102":32,"103":32,"108":0,"109":0,"117":18,"120":18,"123":18,"132":24,"133":24,"136":20,"138":20,"140":38,"141":38,"144":38,"150":38,"153":38,"154":38,"156":38,"166":7,"168":1,"170":2,"176":0,"182":6,"189":42,"190":42,"192":76,"193":76,"195":76,"197":40,"201":42,"207":24,"214":24,"222":44,"223":44,"224":40,"227":36,"230":36,"231":36,"234":20,"235":20,"236":20,"237":20,"238":20,"243":0,"249":0,"255":0,"256":0,"258":0,"266":0,"267":0,"269":0,"275":0,"276":0,"279":0},"path":"/Users/kyungyoonkim/blockchain/MultiTimeLock/contracts/TokenLockPlan.sol","s":{"1":28,"2":28,"3":28,"4":28,"5":28,"6":90,"7":49,"8":85,"9":0,"10":32,"11":18,"12":18,"13":18,"14":24,"15":24,"16":20,"17":38,"18":38,"19":38,"20":38,"21":38,"22":38,"23":38,"24":7,"25":1,"26":2,"27":0,"28":6,"29":42,"30":42,"31":76,"32":76,"33":76,"34":40,"35":42,"36":24,"37":24,"38":44,"39":44,"40":40,"41":36,"42":36,"43":36,"44":20,"45":20,"46":20,"47":20,"48":20,"49":0,"50":0,"51":0,"52":0,"53":0,"54":0,"55":0,"56":0,"57":0,"58":0,"59":0},"b":{"1":[28,0],"2":[86,4],"3":[49,0],"4":[79,6],"5":[0,0],"6":[32,0],"7":[18,0],"8":[24,0],"9":[20,4],"10":[1,6],"11":[40,36],"12":[44,0],"13":[40,4],"14":[36,4],"15":[20,16],"16":[0,0],"17":[0,0],"18":[0,0],"19":[0,0],"20":[0,0]},"f":{"1":28,"2":90,"3":49,"4":85,"5":0,"6":32,"7":18,"8":24,"9":7,"10":0,"11":6,"12":42,"13":24,"14":24,"15":44,"16":0,"17":0,"18":0,"19":0,"20":0},"fnMap":{"1":{"name":"constructor","line":63,"loc":{"start":{"line":63,"column":4},"end":{"line":76,"column":4}}},"2":{"name":"locked","line":79,"loc":{"start":{"line":79,"column":4},"end":{"line":82,"column":4}}},"3":{"name":"notLocked","line":85,"loc":{"start":{"line":85,"column":4},"end":{"line":88,"column":4}}},"4":{"name":"onlyOwner","line":91,"loc":{"start":{"line":91,"column":4},"end":{"line":94,"column":4}}},"5":{"name":"privacyLevelLowerHigh","line":96,"loc":{"start":{"line":96,"column":4},"end":{"line":99,"column":4}}},"6":{"name":"privacyLevelLowerMid","line":101,"loc":{"start":{"line":101,"column":4},"end":{"line":104,"column":4}}},"7":{"name":"lockup","line":115,"loc":{"start":{"line":115,"column":4},"end":{"line":124,"column":4}}},"8":{"name":"setLockPlan","line":131,"loc":{"start":{"line":131,"column":4},"end":{"line":158,"column":4}}},"9":{"name":"bulkSetLockPlan","line":165,"loc":{"start":{"line":165,"column":4},"end":{"line":172,"column":4}}},"10":{"name":"checkMyUnlockedTokenBalance","line":175,"loc":{"start":{"line":175,"column":4},"end":{"line":177,"column":4}}},"11":{"name":"checkUserUnlockedTokenBalance","line":181,"loc":{"start":{"line":181,"column":4},"end":{"line":183,"column":4}}},"12":{"name":"checkUnlockedTokenBalance","line":187,"loc":{"start":{"line":187,"column":4},"end":{"line":202,"column":4}}},"13":{"name":"withdrawMyUnlockedToken","line":206,"loc":{"start":{"line":206,"column":4},"end":{"line":208,"column":4}}},"14":{"name":"withdrawUserUnlockedToken","line":213,"loc":{"start":{"line":213,"column":4},"end":{"line":215,"column":4}}},"15":{"name":"withdrawUnlockedToken","line":220,"loc":{"start":{"line":220,"column":4},"end":{"line":239,"column":4}}},"16":{"name":"depositedEthBalance","line":242,"loc":{"start":{"line":242,"column":4},"end":{"line":244,"column":4}}},"17":{"name":"transferDepositedTokensToOnwer","line":248,"loc":{"start":{"line":248,"column":4},"end":{"line":250,"column":4}}},"18":{"name":"transferAccidentallyDepositedTokensToOnwer","line":254,"loc":{"start":{"line":254,"column":4},"end":{"line":259,"column":4}}},"19":{"name":"transferAccidentallyDepositedOtherTokensToOnwer","line":264,"loc":{"start":{"line":264,"column":4},"end":{"line":270,"column":4}}},"20":{"name":"transferAccidentallyDepositedEthToOnwer","line":274,"loc":{"start":{"line":274,"column":4},"end":{"line":280,"column":4}}}},"statementMap":{"1":{"start":{"line":65,"column":8},"end":{"line":65,"column":23}},"2":{"start":{"line":68,"column":8},"end":{"line":68,"column":34}},"3":{"start":{"line":71,"column":8},"end":{"line":71,"column":35}},"4":{"start":{"line":74,"column":8},"end":{"line":74,"column":113}},"5":{"start":{"line":75,"column":8},"end":{"line":75,"column":46}},"6":{"start":{"line":80,"column":8},"end":{"line":80,"column":59}},"7":{"start":{"line":86,"column":8},"end":{"line":86,"column":52}},"8":{"start":{"line":92,"column":8},"end":{"line":92,"column":83}},"9":{"start":{"line":97,"column":8},"end":{"line":97,"column":99}},"10":{"start":{"line":102,"column":8},"end":{"line":102,"column":134}},"11":{"start":{"line":117,"column":8},"end":{"line":117,"column":135}},"12":{"start":{"line":120,"column":8},"end":{"line":120,"column":43}},"13":{"start":{"line":123,"column":8},"end":{"line":123,"column":22}},"14":{"start":{"line":132,"column":8},"end":{"line":132,"column":79}},"15":{"start":{"line":133,"column":8},"end":{"line":133,"column":124}},"16":{"start":{"line":138,"column":8},"end":{"line":138,"column":4877}},"17":{"start":{"line":140,"column":12},"end":{"line":140,"column":55}},"18":{"start":{"line":141,"column":12},"end":{"line":141,"column":47}},"19":{"start":{"line":144,"column":12},"end":{"line":144,"column":5091}},"20":{"start":{"line":150,"column":12},"end":{"line":150,"column":73}},"21":{"start":{"line":153,"column":12},"end":{"line":153,"column":68}},"22":{"start":{"line":154,"column":12},"end":{"line":154,"column":54}},"23":{"start":{"line":156,"column":12},"end":{"line":156,"column":52}},"24":{"start":{"line":166,"column":8},"end":{"line":166,"column":188}},"25":{"start":{"line":168,"column":8},"end":{"line":168,"column":6240}},"26":{"start":{"line":170,"column":12},"end":{"line":170,"column":75}},"27":{"start":{"line":176,"column":8},"end":{"line":176,"column":52}},"28":{"start":{"line":182,"column":8},"end":{"line":182,"column":51}},"29":{"start":{"line":189,"column":8},"end":{"line":189,"column":35}},"30":{"start":{"line":190,"column":8},"end":{"line":190,"column":7199}},"31":{"start":{"line":192,"column":12},"end":{"line":192,"column":59}},"32":{"start":{"line":193,"column":12},"end":{"line":193,"column":77}},"33":{"start":{"line":195,"column":12},"end":{"line":195,"column":7423}},"34":{"start":{"line":197,"column":16},"end":{"line":197,"column":60}},"35":{"start":{"line":201,"column":8},"end":{"line":201,"column":30}},"36":{"start":{"line":207,"column":8},"end":{"line":207,"column":56}},"37":{"start":{"line":214,"column":8},"end":{"line":214,"column":55}},"38":{"start":{"line":222,"column":8},"end":{"line":222,"column":78}},"39":{"start":{"line":223,"column":8},"end":{"line":223,"column":132}},"40":{"start":{"line":224,"column":8},"end":{"line":224,"column":114}},"41":{"start":{"line":227,"column":8},"end":{"line":227,"column":70}},"42":{"start":{"line":230,"column":8},"end":{"line":230,"column":85}},"43":{"start":{"line":231,"column":8},"end":{"line":231,"column":104}},"44":{"start":{"line":234,"column":8},"end":{"line":234,"column":84}},"45":{"start":{"line":235,"column":8},"end":{"line":235,"column":68}},"46":{"start":{"line":236,"column":8},"end":{"line":236,"column":54}},"47":{"start":{"line":237,"column":8},"end":{"line":237,"column":60}},"48":{"start":{"line":238,"column":8},"end":{"line":238,"column":56}},"49":{"start":{"line":243,"column":8},"end":{"line":243,"column":53}},"50":{"start":{"line":249,"column":8},"end":{"line":249,"column":48}},"51":{"start":{"line":255,"column":8},"end":{"line":255,"column":120}},"52":{"start":{"line":256,"column":8},"end":{"line":256,"column":162}},"53":{"start":{"line":258,"column":8},"end":{"line":258,"column":48}},"54":{"start":{"line":266,"column":8},"end":{"line":266,"column":78}},"55":{"start":{"line":267,"column":8},"end":{"line":267,"column":108}},"56":{"start":{"line":269,"column":8},"end":{"line":269,"column":40}},"57":{"start":{"line":275,"column":8},"end":{"line":275,"column":66}},"58":{"start":{"line":276,"column":8},"end":{"line":276,"column":58}},"59":{"start":{"line":279,"column":8},"end":{"line":279,"column":29}}},"branchMap":{"1":{"line":74,"type":"if","locations":[{"start":{"line":74,"column":8},"end":{"line":74,"column":8}},{"start":{"line":74,"column":8},"end":{"line":74,"column":8}}]},"2":{"line":80,"type":"if","locations":[{"start":{"line":80,"column":8},"end":{"line":80,"column":8}},{"start":{"line":80,"column":8},"end":{"line":80,"column":8}}]},"3":{"line":86,"type":"if","locations":[{"start":{"line":86,"column":8},"end":{"line":86,"column":8}},{"start":{"line":86,"column":8},"end":{"line":86,"column":8}}]},"4":{"line":92,"type":"if","locations":[{"start":{"line":92,"column":8},"end":{"line":92,"column":8}},{"start":{"line":92,"column":8},"end":{"line":92,"column":8}}]},"5":{"line":97,"type":"if","locations":[{"start":{"line":97,"column":8},"end":{"line":97,"column":8}},{"start":{"line":97,"column":8},"end":{"line":97,"column":8}}]},"6":{"line":102,"type":"if","locations":[{"start":{"line":102,"column":8},"end":{"line":102,"column":8}},{"start":{"line":102,"column":8},"end":{"line":102,"column":8}}]},"7":{"line":117,"type":"if","locations":[{"start":{"line":117,"column":8},"end":{"line":117,"column":8}},{"start":{"line":117,"column":8},"end":{"line":117,"column":8}}]},"8":{"line":132,"type":"if","locations":[{"start":{"line":132,"column":8},"end":{"line":132,"column":8}},{"start":{"line":132,"column":8},"end":{"line":132,"column":8}}]},"9":{"line":133,"type":"if","locations":[{"start":{"line":133,"column":8},"end":{"line":133,"column":8}},{"start":{"line":133,"column":8},"end":{"line":133,"column":8}}]},"10":{"line":166,"type":"if","locations":[{"start":{"line":166,"column":8},"end":{"line":166,"column":8}},{"start":{"line":166,"column":8},"end":{"line":166,"column":8}}]},"11":{"line":195,"type":"if","locations":[{"start":{"line":195,"column":12},"end":{"line":195,"column":12}},{"start":{"line":195,"column":12},"end":{"line":195,"column":12}}]},"12":{"line":222,"type":"if","locations":[{"start":{"line":222,"column":8},"end":{"line":222,"column":8}},{"start":{"line":222,"column":8},"end":{"line":222,"column":8}}]},"13":{"line":223,"type":"if","locations":[{"start":{"line":223,"column":8},"end":{"line":223,"column":8}},{"start":{"line":223,"column":8},"end":{"line":223,"column":8}}]},"14":{"line":224,"type":"if","locations":[{"start":{"line":224,"column":8},"end":{"line":224,"column":8}},{"start":{"line":224,"column":8},"end":{"line":224,"column":8}}]},"15":{"line":231,"type":"if","locations":[{"start":{"line":231,"column":8},"end":{"line":231,"column":8}},{"start":{"line":231,"column":8},"end":{"line":231,"column":8}}]},"16":{"line":255,"type":"if","locations":[{"start":{"line":255,"column":8},"end":{"line":255,"column":8}},{"start":{"line":255,"column":8},"end":{"line":255,"column":8}}]},"17":{"line":256,"type":"if","locations":[{"start":{"line":256,"column":8},"end":{"line":256,"column":8}},{"start":{"line":256,"column":8},"end":{"line":256,"column":8}}]},"18":{"line":266,"type":"if","locations":[{"start":{"line":266,"column":8},"end":{"line":266,"column":8}},{"start":{"line":266,"column":8},"end":{"line":266,"column":8}}]},"19":{"line":267,"type":"if","locations":[{"start":{"line":267,"column":8},"end":{"line":267,"column":8}},{"start":{"line":267,"column":8},"end":{"line":267,"column":8}}]},"20":{"line":275,"type":"if","locations":[{"start":{"line":275,"column":8},"end":{"line":275,"column":8}},{"start":{"line":275,"column":8},"end":{"line":275,"column":8}}]}}}}